app/build/intermediates/manifest_merge_blame_file/debug/manifest-merger-blame-debug-report.txt
1<?xml version="1.0" encoding="utf-8"?>
2<manifest xmlns:android="http://schemas.android.com/apk/res/android"
3    package="com.example.trackfit"
4    android:versionCode="1"
5    android:versionName="1.0" >
6
7    <uses-sdk
8        android:minSdkVersion="26"
8-->src\main\AndroidManifest.xml
9        android:targetSdkVersion="30" />
9-->src\main\AndroidManifest.xml
10
11    <uses-permission android:name="android.permission.ACCESS_FINE_LOCATION" />
11-->src\main\AndroidManifest.xml:4:5-78
11-->src\main\AndroidManifest.xml:4:22-76
12    <uses-permission android:name="android.permission.ACCESS_COARSE_LOCATION" />
12-->src\main\AndroidManifest.xml:5:5-80
12-->src\main\AndroidManifest.xml:5:22-78
13    <uses-permission android:name="android.permission.ACCESS_BACKGROUND_LOCATION" />
13-->src\main\AndroidManifest.xml:6:5-84
13-->src\main\AndroidManifest.xml:6:22-82
14    <uses-permission android:name="android.permission.FOREGROUND_SERVICE" />
14-->src\main\AndroidManifest.xml:7:5-76
14-->src\main\AndroidManifest.xml:7:22-74
15
16    <!-- Include required permissions for Google Maps API to run. -->
17    <uses-permission android:name="android.permission.ACCESS_NETWORK_STATE" />
17-->[com.google.android.gms:play-services-maps:17.0.0] AndroidManifest.xml:23:5-79
17-->[com.google.android.gms:play-services-maps:17.0.0] AndroidManifest.xml:23:22-76
18    <uses-permission android:name="android.permission.INTERNET" />
18-->[com.google.android.gms:play-services-maps:17.0.0] AndroidManifest.xml:24:5-67
18-->[com.google.android.gms:play-services-maps:17.0.0] AndroidManifest.xml:24:22-64
19
20    <uses-feature
20-->[com.google.android.gms:play-services-maps:17.0.0] AndroidManifest.xml:26:5-28:35
21        android:glEsVersion="0x00020000"
21-->[com.google.android.gms:play-services-maps:17.0.0] AndroidManifest.xml:27:9-41
22        android:required="true" />
22-->[com.google.android.gms:play-services-maps:17.0.0] AndroidManifest.xml:28:9-32
23
24    <application
24-->src\main\AndroidManifest.xml:9:5-34:19
25        android:name="com.example.trackfit.MyApplication"
25-->src\main\AndroidManifest.xml:10:9-38
26        android:allowBackup="true"
26-->src\main\AndroidManifest.xml:11:9-35
27        android:appComponentFactory="androidx.core.app.CoreComponentFactory"
27-->[androidx.core:core:1.3.2] AndroidManifest.xml:24:18-86
28        android:debuggable="true"
29        android:extractNativeLibs="false"
30        android:icon="@mipmap/ic_launcher"
30-->src\main\AndroidManifest.xml:12:9-43
31        android:label="@string/app_name"
31-->src\main\AndroidManifest.xml:13:9-41
32        android:roundIcon="@mipmap/ic_launcher_round"
32-->src\main\AndroidManifest.xml:14:9-54
33        android:supportsRtl="true"
33-->src\main\AndroidManifest.xml:15:9-35
34        android:testOnly="true"
35        android:theme="@style/Theme.Trackfit" >
35-->src\main\AndroidManifest.xml:16:9-46
36        <activity
36-->src\main\AndroidManifest.xml:17:9-23:20
37            android:name="com.example.trackfit.ui.MainActivity"
37-->src\main\AndroidManifest.xml:17:19-50
38            android:launchMode="singleTask" >
38-->src\main\AndroidManifest.xml:17:51-82
39            <intent-filter>
39-->src\main\AndroidManifest.xml:18:13-22:29
40                <action android:name="android.intent.action.MAIN" />
40-->src\main\AndroidManifest.xml:19:17-69
40-->src\main\AndroidManifest.xml:19:25-66
41
42                <category android:name="android.intent.category.LAUNCHER" />
42-->src\main\AndroidManifest.xml:21:17-77
42-->src\main\AndroidManifest.xml:21:27-74
43            </intent-filter>
44        </activity>
45
46        <service
46-->src\main\AndroidManifest.xml:25:9-26:55
47            android:name="com.example.trackfit.services.TrackingService"
47-->src\main\AndroidManifest.xml:25:18-58
48            android:foregroundServiceType="location" />
48-->src\main\AndroidManifest.xml:26:13-53
49
50        <meta-data
50-->src\main\AndroidManifest.xml:28:9-30:69
51            android:name="com.google.android.gms.version"
51-->src\main\AndroidManifest.xml:29:13-58
52            android:value="@integer/google_play_services_version" />
52-->src\main\AndroidManifest.xml:30:13-66
53        <meta-data
53-->src\main\AndroidManifest.xml:31:9-33:55
54            android:name="com.google.android.geo.API_KEY"
54-->src\main\AndroidManifest.xml:32:13-58
55            android:value="@string/google_maps_key" />
55-->src\main\AndroidManifest.xml:33:13-52
56
57        <activity
57-->[pub.devrel:easypermissions:3.0.0] AndroidManifest.xml:12:9-16:66
58            android:name="pub.devrel.easypermissions.AppSettingsDialogHolderActivity"
58-->[pub.devrel:easypermissions:3.0.0] AndroidManifest.xml:13:13-86
59            android:exported="false"
59-->[pub.devrel:easypermissions:3.0.0] AndroidManifest.xml:14:13-37
60            android:label=""
60-->[pub.devrel:easypermissions:3.0.0] AndroidManifest.xml:15:13-29
61            android:theme="@style/EasyPermissions.Transparent" />
61-->[pub.devrel:easypermissions:3.0.0] AndroidManifest.xml:16:13-63
62
63        <service
63-->[androidx.room:room-runtime:2.2.6] AndroidManifest.xml:25:9-28:40
64            android:name="androidx.room.MultiInstanceInvalidationService"
64-->[androidx.room:room-runtime:2.2.6] AndroidManifest.xml:26:13-74
65            android:directBootAware="true"
65-->[androidx.room:room-runtime:2.2.6] AndroidManifest.xml:27:13-43
66            android:exported="false" /> <!-- Needs to be explicitly declared on P+ -->
66-->[androidx.room:room-runtime:2.2.6] AndroidManifest.xml:28:13-37
67        <uses-library
67-->[com.google.android.gms:play-services-maps:17.0.0] AndroidManifest.xml:33:9-35:40
68            android:name="org.apache.http.legacy"
68-->[com.google.android.gms:play-services-maps:17.0.0] AndroidManifest.xml:34:13-50
69            android:required="false" />
69-->[com.google.android.gms:play-services-maps:17.0.0] AndroidManifest.xml:35:13-37
70
71        <activity
71-->[com.google.android.gms:play-services-base:17.5.0] AndroidManifest.xml:23:9-26:75
72            android:name="com.google.android.gms.common.api.GoogleApiActivity"
72-->[com.google.android.gms:play-services-base:17.5.0] AndroidManifest.xml:24:13-79
73            android:exported="false"
73-->[com.google.android.gms:play-services-base:17.5.0] AndroidManifest.xml:25:13-37
74            android:theme="@android:style/Theme.Translucent.NoTitleBar" />
74-->[com.google.android.gms:play-services-base:17.5.0] AndroidManifest.xml:26:13-72
75
76        <provider
76-->[androidx.lifecycle:lifecycle-process:2.0.0] AndroidManifest.xml:23:9-27:43
77            android:name="androidx.lifecycle.ProcessLifecycleOwnerInitializer"
77-->[androidx.lifecycle:lifecycle-process:2.0.0] AndroidManifest.xml:24:13-79
78            android:authorities="com.example.trackfit.lifecycle-process"
78-->[androidx.lifecycle:lifecycle-process:2.0.0] AndroidManifest.xml:25:13-69
79            android:exported="false"
79-->[androidx.lifecycle:lifecycle-process:2.0.0] AndroidManifest.xml:26:13-37
80            android:multiprocess="true" />
80-->[androidx.lifecycle:lifecycle-process:2.0.0] AndroidManifest.xml:27:13-40
81    </application>
82
83</manifest>